<?xml version="1.0" encoding="UTF-8"?>
<!-- Generated by org.testng.reporters.JUnitXMLReporter -->
<testsuite hostname="CRespiraul01" ignored="0" tests="4" failures="0" timestamp="2021-07-25T22:08:31 CST" time="4.245" errors="0">
  <testcase name="testDuplicateRegister" time="2.554" classname="AuthenticationTests"/>
  <testcase name="testInvalidLogin" time="0.299" classname="AuthenticationTests"/>
  <testcase name="testLogin" time="0.419" classname="AuthenticationTests"/>
  <testcase name="testRegister" time="0.372" classname="AuthenticationTests"/>
</testsuite>
